<?xml version="1.0" encoding="UTF-8"?>
<testsuite name="ru.netology.test.CallBackDataFormSelenide" tests="1" skipped="0" failures="0" errors="0" timestamp="2024-08-27T18:36:04" hostname="KINOMAGNUM" time="13.157">
  <properties/>
  <testcase name="shouldTestCallback()" classname="ru.netology.test.CallBackDataFormSelenide" time="13.157"/>
  <system-out><![CDATA[Успешно!
Встреча успешно забронирована на 30.08.2024
]]></system-out>
  <system-err><![CDATA[SLF4J(W): No SLF4J providers were found.
SLF4J(W): Defaulting to no-operation (NOP) logger implementation
SLF4J(W): See https://www.slf4j.org/codes.html#noProviders for further details.
авг. 27, 2024 9:36:06 PM org.openqa.selenium.devtools.CdpVersionFinder findNearestMatch
WARNING: Unable to find CDP implementation matching 127
авг. 27, 2024 9:36:06 PM org.openqa.selenium.chromium.ChromiumDriver lambda$new$5
WARNING: Unable to find version of CDP to use for 127.0.6533.122. You may need to include a dependency on a specific version of the CDP using something similar to `org.seleniumhq.selenium:selenium-devtools-v86:4.11.0` where the version ("v86") matches the version of the chromium-based browser you're using and the version number of the artifact is the same as Selenium's.
]]></system-err>
</testsuite>
